⚡ Iniciando despliegue masivo - 2026-03-04 12:00:01
  [MISSING] chalamandra-hub → ~/microcosmos_elite/hub
  [MISSING] microcosmos-demos → ~/microcosmos_elite/demos
  [MISSING] cursos-ko-fi → ~/proyectos/cursos
  [MISSING] automation-scripts → ~/microcosmos_elite/scripts
  [MISSING] blog-amplificador → ~/proyectos/blog

──────────────────────────────────────
🚀 Despliegue masivo completado.
⚡ Iniciando despliegue masivo - 2026-03-04 18:00:01
  [MISSING] chalamandra-hub → ~/microcosmos_elite/hub
  [MISSING] microcosmos-demos → ~/microcosmos_elite/demos
  [MISSING] cursos-ko-fi → ~/proyectos/cursos
  [MISSING] automation-scripts → ~/microcosmos_elite/scripts
  [MISSING] blog-amplificador → ~/proyectos/blog

──────────────────────────────────────
🚀 Despliegue masivo completado.
⚡ Iniciando despliegue masivo - 2026-03-05 00:00:01
  [MISSING] chalamandra-hub → ~/microcosmos_elite/hub
  [MISSING] microcosmos-demos → ~/microcosmos_elite/demos
  [MISSING] cursos-ko-fi → ~/proyectos/cursos
  [MISSING] automation-scripts → ~/microcosmos_elite/scripts
  [MISSING] blog-amplificador → ~/proyectos/blog

──────────────────────────────────────
🚀 Despliegue masivo completado.
⚡ Iniciando despliegue masivo - 2026-03-05 06:00:02
  [MISSING] chalamandra-hub → ~/microcosmos_elite/hub
  [MISSING] microcosmos-demos → ~/microcosmos_elite/demos
  [MISSING] cursos-ko-fi → ~/proyectos/cursos
  [MISSING] automation-scripts → ~/microcosmos_elite/scripts
  [MISSING] blog-amplificador → ~/proyectos/blog

──────────────────────────────────────
🚀 Despliegue masivo completado.
⚡ Iniciando despliegue masivo - 2026-03-05 12:00:01
  [MISSING] chalamandra-hub → ~/microcosmos_elite/hub
  [MISSING] microcosmos-demos → ~/microcosmos_elite/demos
  [MISSING] cursos-ko-fi → ~/proyectos/cursos
  [MISSING] automation-scripts → ~/microcosmos_elite/scripts
  [MISSING] blog-amplificador → ~/proyectos/blog

──────────────────────────────────────
🚀 Despliegue masivo completado.
⚡ Iniciando despliegue masivo - 2026-03-05 18:00:01
  [MISSING] chalamandra-hub → ~/microcosmos_elite/hub
  [MISSING] microcosmos-demos → ~/microcosmos_elite/demos
  [MISSING] cursos-ko-fi → ~/proyectos/cursos
  [MISSING] automation-scripts → ~/microcosmos_elite/scripts
  [MISSING] blog-amplificador → ~/proyectos/blog

──────────────────────────────────────
🚀 Despliegue masivo completado.
⚡ Iniciando despliegue masivo - 2026-03-06 00:00:01
  [MISSING] chalamandra-hub → ~/microcosmos_elite/hub
  [MISSING] microcosmos-demos → ~/microcosmos_elite/demos
  [MISSING] cursos-ko-fi → ~/proyectos/cursos
  [MISSING] automation-scripts → ~/microcosmos_elite/scripts
  [MISSING] blog-amplificador → ~/proyectos/blog

──────────────────────────────────────
🚀 Despliegue masivo completado.
