🚀 Iniciando loop monetización + escalado - Wed Mar  4 08:00:02 AM CST 2026
/home/chalamandramagistral/microcosmos_elite/scripts/monetiza_y_escala.sh: line 5: /home/chalamandramagistral/microcosmos_elite/scripts/content_gen.sh: No such file or directory
Publicando post de venta...
💰 Masa actual: $ 997.00
✅ Reinversión activada: comprando más Chromebooks o cloud nodes
Loop completado.
🚀 Iniciando loop monetización + escalado - Wed Mar  4 12:00:01 PM CST 2026
/home/chalamandramagistral/microcosmos_elite/scripts/monetiza_y_escala.sh: line 5: /home/chalamandramagistral/microcosmos_elite/scripts/content_gen.sh: No such file or directory
Publicando post de venta...
💰 Masa actual: $ 2497.00
✅ Reinversión activada: comprando más Chromebooks o cloud nodes
Loop completado.
🚀 Iniciando loop monetización + escalado - Wed Mar  4 04:00:01 PM CST 2026
/home/chalamandramagistral/microcosmos_elite/scripts/monetiza_y_escala.sh: line 5: /home/chalamandramagistral/microcosmos_elite/scripts/content_gen.sh: No such file or directory
Publicando post de venta...
💰 Masa actual: $ 2497.00
✅ Reinversión activada: comprando más Chromebooks o cloud nodes
Loop completado.
🚀 Iniciando loop monetización + escalado - Wed Mar  4 08:00:02 PM CST 2026
/home/chalamandramagistral/microcosmos_elite/scripts/monetiza_y_escala.sh: line 5: /home/chalamandramagistral/microcosmos_elite/scripts/content_gen.sh: No such file or directory
Publicando post de venta...
💰 Masa actual: $ 2497.00
✅ Reinversión activada: comprando más Chromebooks o cloud nodes
Loop completado.
🚀 Iniciando loop monetización + escalado - Thu Mar  5 12:00:01 AM CST 2026
/home/chalamandramagistral/microcosmos_elite/scripts/monetiza_y_escala.sh: line 5: /home/chalamandramagistral/microcosmos_elite/scripts/content_gen.sh: No such file or directory
Publicando post de venta...
💰 Masa actual: $ 2497.00
✅ Reinversión activada: comprando más Chromebooks o cloud nodes
Loop completado.
🚀 Iniciando loop monetización + escalado - Thu Mar  5 08:00:01 AM CST 2026
/home/chalamandramagistral/microcosmos_elite/scripts/monetiza_y_escala.sh: line 5: /home/chalamandramagistral/microcosmos_elite/scripts/content_gen.sh: No such file or directory
Publicando post de venta...
💰 Masa actual: $ 2497.00
✅ Reinversión activada: comprando más Chromebooks o cloud nodes
Loop completado.
🚀 Iniciando loop monetización + escalado - Thu Mar  5 12:00:01 PM CST 2026
/home/chalamandramagistral/microcosmos_elite/scripts/monetiza_y_escala.sh: line 5: /home/chalamandramagistral/microcosmos_elite/scripts/content_gen.sh: No such file or directory
Publicando post de venta...
💰 Masa actual: $ 2497.00
✅ Reinversión activada: comprando más Chromebooks o cloud nodes
Loop completado.
🚀 Iniciando loop monetización + escalado - Thu Mar  5 04:00:01 PM CST 2026
/home/chalamandramagistral/microcosmos_elite/scripts/monetiza_y_escala.sh: line 5: /home/chalamandramagistral/microcosmos_elite/scripts/content_gen.sh: No such file or directory
Publicando post de venta...
💰 Masa actual: $ 2497.00
✅ Reinversión activada: comprando más Chromebooks o cloud nodes
Loop completado.
🚀 Iniciando loop monetización + escalado - Thu Mar  5 08:00:03 PM CST 2026
/home/chalamandramagistral/microcosmos_elite/scripts/monetiza_y_escala.sh: line 5: /home/chalamandramagistral/microcosmos_elite/scripts/content_gen.sh: No such file or directory
Publicando post de venta...
💰 Masa actual: $ 2497.00
✅ Reinversión activada: comprando más Chromebooks o cloud nodes
Loop completado.
🚀 Iniciando loop monetización + escalado - Fri Mar  6 12:00:01 AM CST 2026
/home/chalamandramagistral/microcosmos_elite/scripts/monetiza_y_escala.sh: line 5: /home/chalamandramagistral/microcosmos_elite/scripts/content_gen.sh: No such file or directory
Publicando post de venta...
💰 Masa actual: $ 2497.00
✅ Reinversión activada: comprando más Chromebooks o cloud nodes
Loop completado.
